<?xml version="1.0" encoding="UTF-8"?>
<testng-results skipped="0" failed="0" ignored="0" total="1" passed="1">
  <reporter-output>
  </reporter-output>
  <suite name="Default suite" duration-ms="24145" started-at="2018-10-05T09:05:02Z" finished-at="2018-10-05T09:05:26Z">
    <groups>
    </groups>
    <test name="Default test" duration-ms="24145" started-at="2018-10-05T09:05:02Z" finished-at="2018-10-05T09:05:26Z">
      <class name="AER.FMDP.AppTest">
        <test-method status="PASS" signature="beforeClass()[pri:0, instance:AER.FMDP.AppTest@3532ec19]" name="beforeClass" is-config="true" duration-ms="7917" started-at="2018-10-05T09:05:02Z" finished-at="2018-10-05T09:05:10Z">
          <reporter-output>
          </reporter-output>
        </test-method> <!-- beforeClass -->
        <test-method status="PASS" signature="openMyBlog()[pri:0, instance:AER.FMDP.AppTest@3532ec19]" name="openMyBlog" duration-ms="15141" started-at="2018-10-05T09:05:10Z" finished-at="2018-10-05T09:05:25Z">
          <reporter-output>
          </reporter-output>
        </test-method> <!-- openMyBlog -->
        <test-method status="PASS" signature="afterClass()[pri:0, instance:AER.FMDP.AppTest@3532ec19]" name="afterClass" is-config="true" duration-ms="1023" started-at="2018-10-05T09:05:25Z" finished-at="2018-10-05T09:05:26Z">
          <reporter-output>
          </reporter-output>
        </test-method> <!-- afterClass -->
      </class> <!-- AER.FMDP.AppTest -->
    </test> <!-- Default test -->
  </suite> <!-- Default suite -->
</testng-results>
